<?xml version="1.0" encoding="UTF-8"?>
<!-- Generated by org.testng.reporters.JUnitXMLReporter -->
<testsuite hostname="wangkui-PC" name="用户管理系统测试用例" tests="6" failures="0" timestamp="5 May 2020 03:35:07 GMT" time="13.426" errors="0">
  <testcase name="loginTrue" time="1.77" classname="com.course.cases.LoginTest"/>
  <testcase name="loginFalse" time="0.11" classname="com.course.cases.LoginTest"/>
  <testcase name="addUser" time="2.16" classname="com.course.cases.AddUserTest"/>
  <testcase name="getUserListInfo" time="2.211" classname="com.course.cases.GetUserInfoListTest"/>
  <testcase name="getUserInfo" time="2.75" classname="com.course.cases.GetUserInfoTest"/>
  <testcase name="deleteUser" time="4.335" classname="com.course.cases.UpdateUserInfoTest"/>
</testsuite> <!-- 用户管理系统测试用例 -->
