<?xml version="1.0" encoding="UTF-8" ?>
<testsuite tests="6" failures="0" name="TestSuite" time="15.086" errors="0" skipped="0">
  <properties>
[...]
</properties>
  <testcase classname="com.course.cases.LoginTest" name="loginTrue" time="1.77"/>
  <testcase classname="com.course.cases.LoginTest" name="loginFalse" time="0.11"/>
  <testcase classname="com.course.cases.AddUserTest" name="addUser" time="2.15"/>
  <testcase classname="com.course.cases.GetUserInfoListTest" name="getUserListInfo" time="2.211"/>
  <testcase classname="com.course.cases.GetUserInfoTest" name="getUserInfo" time="2.75"/>
  <testcase classname="com.course.cases.UpdateUserInfoTest" name="deleteUser" time="4.335"/>
</testsuite>